Determining if the pthread_create exist failed with the following output:
Change Dir: /home/gse/EECS545/ViZDoom/CMakeFiles/CMakeTmp

Run Build Command:"/usr/bin/make" "cmTC_8be38/fast"
/usr/bin/make -f CMakeFiles/cmTC_8be38.dir/build.make CMakeFiles/cmTC_8be38.dir/build
make[1]: Entering directory '/home/gse/EECS545/ViZDoom/CMakeFiles/CMakeTmp'
Building C object CMakeFiles/cmTC_8be38.dir/CheckSymbolExists.c.o
/usr/bin/cc     -o CMakeFiles/cmTC_8be38.dir/CheckSymbolExists.c.o   -c /home/gse/EECS545/ViZDoom/CMakeFiles/CMakeTmp/CheckSymbolExists.c
Linking C executable cmTC_8be38
/usr/bin/cmake -E cmake_link_script CMakeFiles/cmTC_8be38.dir/link.txt --verbose=1
/usr/bin/cc       CMakeFiles/cmTC_8be38.dir/CheckSymbolExists.c.o  -o cmTC_8be38 -rdynamic 
CMakeFiles/cmTC_8be38.dir/CheckSymbolExists.c.o: In function `main':
CheckSymbolExists.c:(.text+0x16): undefined reference to `pthread_create'
collect2: error: ld returned 1 exit status
CMakeFiles/cmTC_8be38.dir/build.make:97: recipe for target 'cmTC_8be38' failed
make[1]: *** [cmTC_8be38] Error 1
make[1]: Leaving directory '/home/gse/EECS545/ViZDoom/CMakeFiles/CMakeTmp'
Makefile:126: recipe for target 'cmTC_8be38/fast' failed
make: *** [cmTC_8be38/fast] Error 2

File /home/gse/EECS545/ViZDoom/CMakeFiles/CMakeTmp/CheckSymbolExists.c:
/* */
#include <pthread.h>

int main(int argc, char** argv)
{
  (void)argv;
#ifndef pthread_create
  return ((int*)(&pthread_create))[argc];
#else
  (void)argc;
  return 0;
#endif
}

Determining if the function pthread_create exists in the pthreads failed with the following output:
Change Dir: /home/gse/EECS545/ViZDoom/CMakeFiles/CMakeTmp

Run Build Command:"/usr/bin/make" "cmTC_d4ed9/fast"
/usr/bin/make -f CMakeFiles/cmTC_d4ed9.dir/build.make CMakeFiles/cmTC_d4ed9.dir/build
make[1]: Entering directory '/home/gse/EECS545/ViZDoom/CMakeFiles/CMakeTmp'
Building C object CMakeFiles/cmTC_d4ed9.dir/CheckFunctionExists.c.o
/usr/bin/cc    -DCHECK_FUNCTION_EXISTS=pthread_create   -o CMakeFiles/cmTC_d4ed9.dir/CheckFunctionExists.c.o   -c /usr/share/cmake-3.5/Modules/CheckFunctionExists.c
Linking C executable cmTC_d4ed9
/usr/bin/cmake -E cmake_link_script CMakeFiles/cmTC_d4ed9.dir/link.txt --verbose=1
/usr/bin/cc   -DCHECK_FUNCTION_EXISTS=pthread_create    CMakeFiles/cmTC_d4ed9.dir/CheckFunctionExists.c.o  -o cmTC_d4ed9 -rdynamic -lpthreads 
/usr/bin/ld: cannot find -lpthreads
collect2: error: ld returned 1 exit status
CMakeFiles/cmTC_d4ed9.dir/build.make:97: recipe for target 'cmTC_d4ed9' failed
make[1]: *** [cmTC_d4ed9] Error 1
make[1]: Leaving directory '/home/gse/EECS545/ViZDoom/CMakeFiles/CMakeTmp'
Makefile:126: recipe for target 'cmTC_d4ed9/fast' failed
make: *** [cmTC_d4ed9/fast] Error 2


Determining if the function itoa exists failed with the following output:
Change Dir: /home/gse/EECS545/ViZDoom/CMakeFiles/CMakeTmp

Run Build Command:"/usr/bin/make" "cmTC_42de6/fast"
/usr/bin/make -f CMakeFiles/cmTC_42de6.dir/build.make CMakeFiles/cmTC_42de6.dir/build
make[1]: Entering directory '/home/gse/EECS545/ViZDoom/CMakeFiles/CMakeTmp'
Building C object CMakeFiles/cmTC_42de6.dir/CheckFunctionExists.c.o
/usr/bin/cc    -Wall -Wno-pointer-sign -Wno-uninitialized -Wno-unused-but-set-variable -DCHECK_FUNCTION_EXISTS=itoa   -o CMakeFiles/cmTC_42de6.dir/CheckFunctionExists.c.o   -c /usr/share/cmake-3.5/Modules/CheckFunctionExists.c
Linking C executable cmTC_42de6
/usr/bin/cmake -E cmake_link_script CMakeFiles/cmTC_42de6.dir/link.txt --verbose=1
/usr/bin/cc    -Wall -Wno-pointer-sign -Wno-uninitialized -Wno-unused-but-set-variable -DCHECK_FUNCTION_EXISTS=itoa    CMakeFiles/cmTC_42de6.dir/CheckFunctionExists.c.o  -o cmTC_42de6 -rdynamic 
CMakeFiles/cmTC_42de6.dir/CheckFunctionExists.c.o: In function `main':
CheckFunctionExists.c:(.text+0x15): undefined reference to `itoa'
collect2: error: ld returned 1 exit status
CMakeFiles/cmTC_42de6.dir/build.make:97: recipe for target 'cmTC_42de6' failed
make[1]: *** [cmTC_42de6] Error 1
make[1]: Leaving directory '/home/gse/EECS545/ViZDoom/CMakeFiles/CMakeTmp'
Makefile:126: recipe for target 'cmTC_42de6/fast' failed
make: *** [cmTC_42de6/fast] Error 2


Determining if the function filelength exists failed with the following output:
Change Dir: /home/gse/EECS545/ViZDoom/CMakeFiles/CMakeTmp

Run Build Command:"/usr/bin/make" "cmTC_1df53/fast"
/usr/bin/make -f CMakeFiles/cmTC_1df53.dir/build.make CMakeFiles/cmTC_1df53.dir/build
make[1]: Entering directory '/home/gse/EECS545/ViZDoom/CMakeFiles/CMakeTmp'
Building C object CMakeFiles/cmTC_1df53.dir/CheckFunctionExists.c.o
/usr/bin/cc    -Wall -Wextra -Wno-unused -Wno-unused-parameter -Wno-missing-field-initializers -Wno-unused-result   -DCHECK_FUNCTION_EXISTS=filelength   -o CMakeFiles/cmTC_1df53.dir/CheckFunctionExists.c.o   -c /usr/share/cmake-3.5/Modules/CheckFunctionExists.c
Linking C executable cmTC_1df53
/usr/bin/cmake -E cmake_link_script CMakeFiles/cmTC_1df53.dir/link.txt --verbose=1
/usr/bin/cc  -Wall -Wextra -Wno-unused -Wno-unused-parameter -Wno-missing-field-initializers -Wno-unused-result   -DCHECK_FUNCTION_EXISTS=filelength    CMakeFiles/cmTC_1df53.dir/CheckFunctionExists.c.o  -o cmTC_1df53 -rdynamic 
CMakeFiles/cmTC_1df53.dir/CheckFunctionExists.c.o: In function `main':
CheckFunctionExists.c:(.text+0x15): undefined reference to `filelength'
collect2: error: ld returned 1 exit status
CMakeFiles/cmTC_1df53.dir/build.make:97: recipe for target 'cmTC_1df53' failed
make[1]: *** [cmTC_1df53] Error 1
make[1]: Leaving directory '/home/gse/EECS545/ViZDoom/CMakeFiles/CMakeTmp'
Makefile:126: recipe for target 'cmTC_1df53/fast' failed
make: *** [cmTC_1df53/fast] Error 2


Determining if the function strupr exists failed with the following output:
Change Dir: /home/gse/EECS545/ViZDoom/CMakeFiles/CMakeTmp

Run Build Command:"/usr/bin/make" "cmTC_adeaa/fast"
/usr/bin/make -f CMakeFiles/cmTC_adeaa.dir/build.make CMakeFiles/cmTC_adeaa.dir/build
make[1]: Entering directory '/home/gse/EECS545/ViZDoom/CMakeFiles/CMakeTmp'
Building C object CMakeFiles/cmTC_adeaa.dir/CheckFunctionExists.c.o
/usr/bin/cc    -Wall -Wextra -Wno-unused -Wno-unused-parameter -Wno-missing-field-initializers -Wno-unused-result   -DCHECK_FUNCTION_EXISTS=strupr   -o CMakeFiles/cmTC_adeaa.dir/CheckFunctionExists.c.o   -c /usr/share/cmake-3.5/Modules/CheckFunctionExists.c
Linking C executable cmTC_adeaa
/usr/bin/cmake -E cmake_link_script CMakeFiles/cmTC_adeaa.dir/link.txt --verbose=1
/usr/bin/cc  -Wall -Wextra -Wno-unused -Wno-unused-parameter -Wno-missing-field-initializers -Wno-unused-result   -DCHECK_FUNCTION_EXISTS=strupr    CMakeFiles/cmTC_adeaa.dir/CheckFunctionExists.c.o  -o cmTC_adeaa -rdynamic 
CMakeFiles/cmTC_adeaa.dir/CheckFunctionExists.c.o: In function `main':
CheckFunctionExists.c:(.text+0x15): undefined reference to `strupr'
collect2: error: ld returned 1 exit status
CMakeFiles/cmTC_adeaa.dir/build.make:97: recipe for target 'cmTC_adeaa' failed
make[1]: *** [cmTC_adeaa] Error 1
make[1]: Leaving directory '/home/gse/EECS545/ViZDoom/CMakeFiles/CMakeTmp'
Makefile:126: recipe for target 'cmTC_adeaa/fast' failed
make: *** [cmTC_adeaa/fast] Error 2


Determining if the function stricmp exists failed with the following output:
Change Dir: /home/gse/EECS545/ViZDoom/CMakeFiles/CMakeTmp

Run Build Command:"/usr/bin/make" "cmTC_95d50/fast"
/usr/bin/make -f CMakeFiles/cmTC_95d50.dir/build.make CMakeFiles/cmTC_95d50.dir/build
make[1]: Entering directory '/home/gse/EECS545/ViZDoom/CMakeFiles/CMakeTmp'
Building C object CMakeFiles/cmTC_95d50.dir/CheckFunctionExists.c.o
/usr/bin/cc    -Wall -Wextra -Wno-unused -Wno-unused-parameter -Wno-missing-field-initializers -Wno-unused-result   -DCHECK_FUNCTION_EXISTS=stricmp   -o CMakeFiles/cmTC_95d50.dir/CheckFunctionExists.c.o   -c /usr/share/cmake-3.5/Modules/CheckFunctionExists.c
Linking C executable cmTC_95d50
/usr/bin/cmake -E cmake_link_script CMakeFiles/cmTC_95d50.dir/link.txt --verbose=1
/usr/bin/cc  -Wall -Wextra -Wno-unused -Wno-unused-parameter -Wno-missing-field-initializers -Wno-unused-result   -DCHECK_FUNCTION_EXISTS=stricmp    CMakeFiles/cmTC_95d50.dir/CheckFunctionExists.c.o  -o cmTC_95d50 -rdynamic 
CMakeFiles/cmTC_95d50.dir/CheckFunctionExists.c.o: In function `main':
CheckFunctionExists.c:(.text+0x15): undefined reference to `stricmp'
collect2: error: ld returned 1 exit status
CMakeFiles/cmTC_95d50.dir/build.make:97: recipe for target 'cmTC_95d50' failed
make[1]: *** [cmTC_95d50] Error 1
make[1]: Leaving directory '/home/gse/EECS545/ViZDoom/CMakeFiles/CMakeTmp'
Makefile:126: recipe for target 'cmTC_95d50/fast' failed
make: *** [cmTC_95d50/fast] Error 2


Determining if the function strnicmp exists failed with the following output:
Change Dir: /home/gse/EECS545/ViZDoom/CMakeFiles/CMakeTmp

Run Build Command:"/usr/bin/make" "cmTC_ceda7/fast"
/usr/bin/make -f CMakeFiles/cmTC_ceda7.dir/build.make CMakeFiles/cmTC_ceda7.dir/build
make[1]: Entering directory '/home/gse/EECS545/ViZDoom/CMakeFiles/CMakeTmp'
Building C object CMakeFiles/cmTC_ceda7.dir/CheckFunctionExists.c.o
/usr/bin/cc    -Wall -Wextra -Wno-unused -Wno-unused-parameter -Wno-missing-field-initializers -Wno-unused-result   -DCHECK_FUNCTION_EXISTS=strnicmp   -o CMakeFiles/cmTC_ceda7.dir/CheckFunctionExists.c.o   -c /usr/share/cmake-3.5/Modules/CheckFunctionExists.c
Linking C executable cmTC_ceda7
/usr/bin/cmake -E cmake_link_script CMakeFiles/cmTC_ceda7.dir/link.txt --verbose=1
/usr/bin/cc  -Wall -Wextra -Wno-unused -Wno-unused-parameter -Wno-missing-field-initializers -Wno-unused-result   -DCHECK_FUNCTION_EXISTS=strnicmp    CMakeFiles/cmTC_ceda7.dir/CheckFunctionExists.c.o  -o cmTC_ceda7 -rdynamic 
CMakeFiles/cmTC_ceda7.dir/CheckFunctionExists.c.o: In function `main':
CheckFunctionExists.c:(.text+0x15): undefined reference to `strnicmp'
collect2: error: ld returned 1 exit status
CMakeFiles/cmTC_ceda7.dir/build.make:97: recipe for target 'cmTC_ceda7' failed
make[1]: *** [cmTC_ceda7] Error 1
make[1]: Leaving directory '/home/gse/EECS545/ViZDoom/CMakeFiles/CMakeTmp'
Makefile:126: recipe for target 'cmTC_ceda7/fast' failed
make: *** [cmTC_ceda7/fast] Error 2


